20220506	22:47:13	35fc3980-d2f6-42e7-a25f-3b53e92bbff0	Nodemon Server Log "EVENT EMITTED"
20220507	11:58:29	c2db8bcd-7a21-4662-bc65-90e236024df9	Nodemon Server Log "EVENT EMITTED"
20220507	12:01:24	201e3876-1547-4ee9-b5e6-ce9498975974	Nodemon Server Log "EVENT EMITTED"
20220507	13:29:31	a6158606-0464-42ae-aa8f-d222ec491c94	Nodemon Server Log "EVENT EMITTED"
20220507	13:29:34	3d55f597-e3aa-4bd6-a61f-94f86802a402	Nodemon Server Log "EVENT EMITTED"
20220507	13:30:04	4630d4c3-7d1e-4606-8b5f-a833ec60aa11	Nodemon Server Log "EVENT EMITTED"
20220507	13:31:54	7f1e5223-7722-4860-bc8f-614570d0cfff	Nodemon Server Log "EVENT EMITTED"
20220507	13:36:18	d30c56ab-fb56-48e9-aafa-5709c6dab766	Nodemon Server Log "EVENT EMITTED"
20220507	13:37:11	6b5215e5-eec3-480e-b208-1d04ed3b193a	Nodemon Server Log "EVENT EMITTED"
20220507	13:37:38	427d0a84-9b2f-4f3f-8aa1-67eae486c730	Nodemon Server Log "EVENT EMITTED"
20220507	13:39:19	12df83ce-0bdb-4770-84e9-96bac5b61fc6	Nodemon Server Log "EVENT EMITTED"
20220507	13:43:52	83fbde4b-2604-402f-9777-f0b62e16860e	Nodemon Server Log "EVENT EMITTED"
20220507	13:44:20	9311c6e1-8be8-44e4-8aac-412f967c184e	Nodemon Server Log "EVENT EMITTED"
20220507	16:14:47	c7d59931-1fb5-4b60-85a5-c6c066520c6d	Nodemon Server Log "EVENT EMITTED"
20220507	16:15:15	5b75a4fb-3ca7-44e6-8292-79702a7e8355	Nodemon Server Log "EVENT EMITTED"
20220507	16:34:44	1d71e868-7811-460c-94f8-cfba0630145b	Nodemon Server Log "EVENT EMITTED"
20220507	16:35:08	b0bbbeca-9170-4bf5-8e9e-e64f2db0f87a	Nodemon Server Log "EVENT EMITTED"
20220507	18:13:58	3a848fdf-dba4-4b93-aeff-87dbbeeb4a3f	Nodemon Server Log "EVENT EMITTED"
20220507	18:41:00	5396f444-50c6-4736-a776-6d39b6c46bf0	Nodemon Server Log "EVENT EMITTED"
20220507	18:42:15	9a8a7910-c59c-4b4e-bb56-9ee6fbad7252	Nodemon Server Log "EVENT EMITTED"
20220507	18:42:42	4e0000a1-b4c9-45f0-98e4-b9a078604bf6	Nodemon Server Log "EVENT EMITTED"
20220507	18:43:15	652917b7-bb8b-4298-9117-28ff3e84a981	Nodemon Server Log "EVENT EMITTED"
20220507	18:45:15	047fde77-9b6f-4acb-b514-e626949ab86a	Nodemon Server Log "EVENT EMITTED"
20220507	18:53:49	9edf4a2a-068a-48a8-a412-2d7366421c82	Nodemon Server Log "EVENT EMITTED"
20220507	18:54:34	8b143328-4bf0-4ffb-a40d-faba54854550	Nodemon Server Log "EVENT EMITTED"
20220507	18:57:18	8af5113c-56ee-4e23-a173-52dd98c58ac1	Nodemon Server Log "EVENT EMITTED"
20220507	19:01:23	a3f9550b-31c4-4e9d-b0d3-b04cd46b0e81	Nodemon Server Log "EVENT EMITTED"
20220507	20:43:00	96a12c19-225b-4318-8e07-dd2d3839f8a7	Nodemon Server Log "EVENT EMITTED"
20220508	04:12:41	bbbe7d70-35b1-4d0d-abc3-bba0647eba57	Nodemon Server Log "EVENT EMITTED"
20220508	04:13:41	d32c0b07-5971-4490-a522-cba4b46f6d2b	Nodemon Server Log "EVENT EMITTED"
20220508	04:17:09	a0a18dd8-60b5-4d21-9ea0-83d89255eff1	Nodemon Server Log "EVENT EMITTED"
20220508	04:17:12	6b8c430b-5420-4f87-995e-752b3e39bee0	Nodemon Server Log "EVENT EMITTED"
20220508	04:18:13	13325abf-5d1a-40fe-9297-27daeab715d7	Nodemon Server Log "EVENT EMITTED"
20220508	04:18:16	defb26e1-b8fd-4704-a788-d86b9ef53725	Nodemon Server Log "EVENT EMITTED"
20220508	04:18:19	75547c94-a1c6-49b8-9522-e67cd4ff94bc	Nodemon Server Log "EVENT EMITTED"
20220508	04:18:52	170e3252-ee2c-43e7-aa81-363775127e70	Nodemon Server Log "EVENT EMITTED"
20220508	04:19:02	37604edd-5eb7-4bf2-9b73-e9c3578d8927	Nodemon Server Log "EVENT EMITTED"
20220508	04:19:48	fe704726-ea37-409c-8949-fbbe32439c18	Nodemon Server Log "EVENT EMITTED"
20220508	04:20:04	dd188dbb-b890-44d6-ad30-8909a1f05c20	Nodemon Server Log "EVENT EMITTED"
20220508	04:20:37	f8d4fbff-53b7-4451-81f6-50e92df9d53d	Nodemon Server Log "EVENT EMITTED"
20220508	04:20:43	5d6f1daf-8f51-470b-ae3a-8b6209a28a7c	Nodemon Server Log "EVENT EMITTED"
20220508	04:21:37	bca15136-85d0-44fe-af35-6edb30b9e493	Nodemon Server Log "EVENT EMITTED"
20220508	04:21:59	51c66a40-b11d-40e8-8d09-672ea463d86a	Nodemon Server Log "EVENT EMITTED"
20220508	04:22:43	9321ef86-5330-4bad-9472-638e79aad32d	Nodemon Server Log "EVENT EMITTED"
20220508	04:23:18	e96f1261-ce18-4e1a-9fa9-8aeab484692c	Nodemon Server Log "EVENT EMITTED"
20220508	04:24:02	a0ef3c49-0cd7-49c0-84bb-77cefe8749d9	Nodemon Server Log "EVENT EMITTED"
20220508	04:25:17	8d5a9bc1-6a16-4e8c-a37d-64874bed648c	Nodemon Server Log "EVENT EMITTED"
20220508	04:25:42	73be3536-b83d-468c-a7fc-9e6319d5b0d9	Nodemon Server Log "EVENT EMITTED"
20220508	04:28:17	51c12c52-d339-46f2-be3d-a917ecd9be46	Nodemon Server Log "EVENT EMITTED"
20220508	04:30:03	c90a8788-c965-4256-9359-18ce95f6669b	Nodemon Server Log "EVENT EMITTED"
20220508	04:30:24	078f78bd-8e1e-4481-92b4-620ce3860edf	Nodemon Server Log "EVENT EMITTED"
20220508	04:32:09	f6872b46-6b4e-42d1-a10e-e68937fd986b	Nodemon Server Log "EVENT EMITTED"
20220508	04:32:32	29adcb3d-678b-45ec-b2e4-913cbac0411d	Nodemon Server Log "EVENT EMITTED"
20220508	04:33:48	85ff54a6-1b93-4921-a7fc-be3de4acd0b3	Nodemon Server Log "EVENT EMITTED"
20220508	04:34:06	da774964-1c24-4a51-b95c-9e9276ef0e3c	Nodemon Server Log "EVENT EMITTED"
20220508	04:36:12	7fc25f9d-80bc-45f2-8240-fc082a4e1c04	Nodemon Server Log "EVENT EMITTED"
20220508	04:37:15	6bf1df2b-374a-4fb3-9e7c-cc8b5f7f6c89	Nodemon Server Log "EVENT EMITTED"
20220508	04:37:42	5d076984-6c6c-40b4-8009-9dbf18010f0b	Nodemon Server Log "EVENT EMITTED"
20220508	04:38:36	3119acf8-88ef-465c-83f2-58141c778471	Nodemon Server Log "EVENT EMITTED"
20220508	04:39:16	968f3bc2-57fc-4071-a746-7bc170eb7003	Nodemon Server Log "EVENT EMITTED"
20220508	04:40:23	4a892496-cbdf-428e-a15c-035c42c65ded	Nodemon Server Log "EVENT EMITTED"
20220508	04:40:39	1625fbbe-e7c6-4c60-b1fe-778a1f35ce25	Nodemon Server Log "EVENT EMITTED"
20220508	13:18:35	57884861-511a-422a-be9e-fb846de73d10	Nodemon Server Log "EVENT EMITTED"
20220508	13:32:11	0e98f095-cb27-4a7c-86c5-5ea991c8b9e5	Nodemon Server Log "EVENT EMITTED"
20220508	13:33:50	ba7b0bc4-028e-4da7-9a50-8e48780ff2a5	Nodemon Server Log "EVENT EMITTED"
20220508	13:40:10	385996d3-e46c-4789-aaa4-61c0e62ce11b	Nodemon Server Log "EVENT EMITTED"
20220508	13:40:30	737abce0-7fd0-4151-a301-2cffbf508595	Nodemon Server Log "EVENT EMITTED"
20220508	13:42:12	180d3385-8765-490e-9976-6266866c3c1d	Nodemon Server Log "EVENT EMITTED"
20220508	13:42:36	5c3a8e48-a83b-46e8-8505-9d1daef81591	Nodemon Server Log "EVENT EMITTED"
20220508	13:43:26	8007da31-db42-4180-9ad6-d94c8d3b6937	Nodemon Server Log "EVENT EMITTED"
20220508	13:49:20	cf527556-c46d-4044-9c1b-318d63665365	Nodemon Server Log "EVENT EMITTED"
20220508	13:50:29	bb63385f-50c9-40a2-8012-d3b638708bdb	Nodemon Server Log "EVENT EMITTED"
20220508	13:52:37	b445a666-2278-4f1d-9b4e-7b8ea961eb19	Nodemon Server Log "EVENT EMITTED"
20220508	20:44:42	b2f60806-524c-4cae-9261-57aaefcb09df	Nodemon Server Log "EVENT EMITTED"
20220508	20:45:12	cb53d409-3d73-4b24-a2bb-901411cca709	Nodemon Server Log "EVENT EMITTED"
20220508	20:45:54	c5d7e288-3080-4d91-a961-0c7af40f54aa	Nodemon Server Log "EVENT EMITTED"
20220508	20:46:06	161c6036-4ed9-4831-854c-b3d287f9ffac	Nodemon Server Log "EVENT EMITTED"
20220508	20:46:56	67c77b25-cd0a-46b1-90a5-a9f177288c23	Nodemon Server Log "EVENT EMITTED"
20220508	23:02:36	c1348c2d-dc4b-4b4a-bc77-69c16ad8e894	Nodemon Server Log "EVENT EMITTED"
20220508	23:05:36	d12dc70f-a688-4851-8c3d-b4d25050b328	Nodemon Server Log "EVENT EMITTED"
20220508	23:05:56	93566d2a-ccc0-490e-96ca-26ffbdffbddf	Nodemon Server Log "EVENT EMITTED"
20220508	23:06:10	0929600e-76a3-410f-b0f4-7b59ca92801a	Nodemon Server Log "EVENT EMITTED"
20220508	23:06:22	c0f598d0-2f74-46ba-a95a-3c0adc852a70	Nodemon Server Log "EVENT EMITTED"
20220508	23:06:38	d18e9864-9a24-47d4-821f-4cf8ce099091	Nodemon Server Log "EVENT EMITTED"
20220508	23:43:50	8879c5d9-2d45-4401-9022-5e5127da9dd3	Nodemon Server Log "EVENT EMITTED"
20220508	23:45:55	75e163eb-50e9-4565-9ca8-e9e12a46add9	Nodemon Server Log "EVENT EMITTED"
20220508	23:46:11	84808ab2-2364-4739-9d3c-4505174de2aa	Nodemon Server Log "EVENT EMITTED"
20220508	23:47:10	9077d7a2-65b0-4fc8-8040-149a24e215c8	Nodemon Server Log "EVENT EMITTED"
20220508	23:48:26	ee87b5b8-5d43-4b44-a55f-20713d4fd5ba	Nodemon Server Log "EVENT EMITTED"
20220508	23:49:09	defbbcab-1163-4323-9444-8f0dfd5647dc	Nodemon Server Log "EVENT EMITTED"
